INFO 2020-11-18 16:08:12,066 basehttp 157 "GET /mail/rend/ HTTP/1.1" 200 1708
WARNING 2020-11-18 16:08:12,119 log 228 Not Found: /mail/static/css/bootstrap.min.css
WARNING 2020-11-18 16:08:12,129 log 228 Not Found: /mail/static/css/index.css
WARNING 2020-11-18 16:08:12,131 basehttp 157 "GET /mail/static/css/bootstrap.min.css HTTP/1.1" 404 2717
WARNING 2020-11-18 16:08:12,132 basehttp 157 "GET /mail/static/css/index.css HTTP/1.1" 404 2693
WARNING 2020-11-18 16:08:12,136 log 228 Not Found: /mail/static/js/jquery-3.2.1.min.js
WARNING 2020-11-18 16:08:12,144 basehttp 157 "GET /mail/static/js/jquery-3.2.1.min.js HTTP/1.1" 404 2720
WARNING 2020-11-18 16:08:12,149 log 228 Not Found: /mail/static/js/bootstrap.min.js
WARNING 2020-11-18 16:08:12,150 basehttp 157 "GET /mail/static/js/bootstrap.min.js HTTP/1.1" 404 2711
INFO 2020-11-18 16:08:12,177 basehttp 157 "GET /favicon.ico HTTP/1.1" 302 0
INFO 2020-11-18 16:08:12,185 basehttp 157 "GET /static/img/favicon.ico HTTP/1.1" 200 2431
INFO 2020-11-18 16:10:55,843 autoreload 598 Watching for file changes with StatReloader
INFO 2020-11-18 16:11:00,149 basehttp 157 "GET /mail/rend/ HTTP/1.1" 200 1708
WARNING 2020-11-18 16:11:00,201 log 228 Not Found: /mail/static/css/bootstrap.min.css
WARNING 2020-11-18 16:11:00,204 log 228 Not Found: /mail/static/css/index.css
WARNING 2020-11-18 16:11:00,211 log 228 Not Found: /mail/static/js/jquery-3.2.1.min.js
WARNING 2020-11-18 16:11:00,212 basehttp 157 "GET /mail/static/css/bootstrap.min.css HTTP/1.1" 404 2717
WARNING 2020-11-18 16:11:00,212 basehttp 157 "GET /mail/static/css/index.css HTTP/1.1" 404 2693
WARNING 2020-11-18 16:11:00,213 basehttp 157 "GET /mail/static/js/jquery-3.2.1.min.js HTTP/1.1" 404 2720
WARNING 2020-11-18 16:11:00,217 log 228 Not Found: /mail/static/js/bootstrap.min.js
WARNING 2020-11-18 16:11:00,220 basehttp 157 "GET /mail/static/js/bootstrap.min.js HTTP/1.1" 404 2711
INFO 2020-11-18 16:12:03,090 autoreload 598 Watching for file changes with StatReloader
INFO 2020-11-18 16:12:05,572 basehttp 157 "GET /mail/rend/ HTTP/1.1" 200 1728
WARNING 2020-11-18 16:12:05,607 log 228 Not Found: /mail/mail/static/css/bootstrap.min.css
WARNING 2020-11-18 16:12:05,608 basehttp 157 "GET /mail/mail/static/css/bootstrap.min.css HTTP/1.1" 404 2732
WARNING 2020-11-18 16:12:05,618 log 228 Not Found: /mail/mail/static/css/index.css
WARNING 2020-11-18 16:12:05,622 log 228 Not Found: /mail/mail/static/js/jquery-3.2.1.min.js
WARNING 2020-11-18 16:12:05,623 basehttp 157 "GET /mail/mail/static/css/index.css HTTP/1.1" 404 2708
WARNING 2020-11-18 16:12:05,624 basehttp 157 "GET /mail/mail/static/js/jquery-3.2.1.min.js HTTP/1.1" 404 2735
WARNING 2020-11-18 16:12:05,640 log 228 Not Found: /mail/mail/static/js/bootstrap.min.js
WARNING 2020-11-18 16:12:05,641 basehttp 157 "GET /mail/mail/static/js/bootstrap.min.js HTTP/1.1" 404 2726
INFO 2020-11-18 16:12:05,653 basehttp 157 "GET /favicon.ico HTTP/1.1" 302 0
INFO 2020-11-18 16:12:05,659 basehttp 157 "GET /static/img/favicon.ico HTTP/1.1" 200 2431
INFO 2020-11-18 16:12:06,838 basehttp 157 "GET /mail/rend/ HTTP/1.1" 200 1728
WARNING 2020-11-18 16:12:06,886 log 228 Not Found: /mail/mail/static/css/index.css
WARNING 2020-11-18 16:12:06,887 basehttp 157 "GET /mail/mail/static/css/index.css HTTP/1.1" 404 2708
WARNING 2020-11-18 16:12:06,890 log 228 Not Found: /mail/mail/static/js/bootstrap.min.js
WARNING 2020-11-18 16:12:06,891 basehttp 157 "GET /mail/mail/static/js/bootstrap.min.js HTTP/1.1" 404 2726
WARNING 2020-11-18 16:12:06,894 log 228 Not Found: /mail/mail/static/js/jquery-3.2.1.min.js
WARNING 2020-11-18 16:12:06,896 basehttp 157 "GET /mail/mail/static/js/jquery-3.2.1.min.js HTTP/1.1" 404 2735
WARNING 2020-11-18 16:12:06,903 log 228 Not Found: /mail/mail/static/css/bootstrap.min.css
WARNING 2020-11-18 16:12:06,905 basehttp 157 "GET /mail/mail/static/css/bootstrap.min.css HTTP/1.1" 404 2732
WARNING 2020-11-18 16:12:06,923 log 228 Not Found: /mail/mail/static/js/bootstrap.min.js
WARNING 2020-11-18 16:12:06,926 basehttp 157 "GET /mail/mail/static/js/bootstrap.min.js HTTP/1.1" 404 2726
INFO 2020-11-18 16:12:06,943 basehttp 157 "GET /favicon.ico HTTP/1.1" 302 0
INFO 2020-11-18 16:12:06,952 basehttp 157 "GET /static/img/favicon.ico HTTP/1.1" 200 2431
INFO 2020-11-18 16:12:07,315 basehttp 157 "GET /mail/rend/ HTTP/1.1" 200 1728
WARNING 2020-11-18 16:12:07,366 log 228 Not Found: /mail/mail/static/js/jquery-3.2.1.min.js
WARNING 2020-11-18 16:12:07,368 log 228 Not Found: /mail/mail/static/css/bootstrap.min.css
WARNING 2020-11-18 16:12:07,371 log 228 Not Found: /mail/mail/static/css/index.css
WARNING 2020-11-18 16:12:07,373 log 228 Not Found: /mail/mail/static/js/bootstrap.min.js
WARNING 2020-11-18 16:12:07,374 basehttp 157 "GET /mail/mail/static/js/jquery-3.2.1.min.js HTTP/1.1" 404 2735
WARNING 2020-11-18 16:12:07,375 basehttp 157 "GET /mail/mail/static/css/bootstrap.min.css HTTP/1.1" 404 2732
WARNING 2020-11-18 16:12:07,375 basehttp 157 "GET /mail/mail/static/css/index.css HTTP/1.1" 404 2708
WARNING 2020-11-18 16:12:07,376 basehttp 157 "GET /mail/mail/static/js/bootstrap.min.js HTTP/1.1" 404 2726
WARNING 2020-11-18 16:12:07,397 log 228 Not Found: /mail/mail/static/js/bootstrap.min.js
WARNING 2020-11-18 16:12:07,398 basehttp 157 "GET /mail/mail/static/js/bootstrap.min.js HTTP/1.1" 404 2726
INFO 2020-11-18 16:12:07,416 basehttp 157 "GET /favicon.ico HTTP/1.1" 302 0
INFO 2020-11-18 16:12:07,420 basehttp 157 "GET /static/img/favicon.ico HTTP/1.1" 200 2431
INFO 2020-11-18 16:12:07,635 basehttp 157 "GET /mail/rend/ HTTP/1.1" 200 1728
WARNING 2020-11-18 16:12:07,672 log 228 Not Found: /mail/mail/static/js/jquery-3.2.1.min.js
WARNING 2020-11-18 16:12:07,676 basehttp 157 "GET /mail/mail/static/js/jquery-3.2.1.min.js HTTP/1.1" 404 2735
WARNING 2020-11-18 16:12:07,685 log 228 Not Found: /mail/mail/static/css/index.css
WARNING 2020-11-18 16:12:07,688 log 228 Not Found: /mail/mail/static/js/bootstrap.min.js
WARNING 2020-11-18 16:12:07,691 basehttp 157 "GET /mail/mail/static/js/bootstrap.min.js HTTP/1.1" 404 2726
WARNING 2020-11-18 16:12:07,690 log 228 Not Found: /mail/mail/static/css/bootstrap.min.css
WARNING 2020-11-18 16:12:07,692 basehttp 157 "GET /mail/mail/static/css/index.css HTTP/1.1" 404 2708
WARNING 2020-11-18 16:12:07,692 basehttp 157 "GET /mail/mail/static/css/bootstrap.min.css HTTP/1.1" 404 2732
WARNING 2020-11-18 16:12:07,712 log 228 Not Found: /mail/mail/static/js/bootstrap.min.js
WARNING 2020-11-18 16:12:07,714 basehttp 157 "GET /mail/mail/static/js/bootstrap.min.js HTTP/1.1" 404 2726
INFO 2020-11-18 16:12:07,728 basehttp 157 "GET /favicon.ico HTTP/1.1" 302 0
INFO 2020-11-18 16:12:07,734 basehttp 157 "GET /static/img/favicon.ico HTTP/1.1" 200 2431
INFO 2020-11-18 16:12:07,958 basehttp 157 "GET /mail/rend/ HTTP/1.1" 200 1728
WARNING 2020-11-18 16:12:07,996 log 228 Not Found: /mail/mail/static/css/index.css
WARNING 2020-11-18 16:12:07,999 log 228 Not Found: /mail/mail/static/js/jquery-3.2.1.min.js
WARNING 2020-11-18 16:12:08,002 basehttp 157 "GET /mail/mail/static/css/index.css HTTP/1.1" 404 2708
WARNING 2020-11-18 16:12:08,008 log 228 Not Found: /mail/mail/static/js/bootstrap.min.js
WARNING 2020-11-18 16:12:08,009 basehttp 157 "GET /mail/mail/static/js/jquery-3.2.1.min.js HTTP/1.1" 404 2735
WARNING 2020-11-18 16:12:08,013 log 228 Not Found: /mail/mail/static/css/bootstrap.min.css
WARNING 2020-11-18 16:12:08,014 basehttp 157 "GET /mail/mail/static/js/bootstrap.min.js HTTP/1.1" 404 2726
WARNING 2020-11-18 16:12:08,015 basehttp 157 "GET /mail/mail/static/css/bootstrap.min.css HTTP/1.1" 404 2732
WARNING 2020-11-18 16:12:08,032 log 228 Not Found: /mail/mail/static/js/bootstrap.min.js
WARNING 2020-11-18 16:12:08,033 basehttp 157 "GET /mail/mail/static/js/bootstrap.min.js HTTP/1.1" 404 2726
INFO 2020-11-18 16:12:08,053 basehttp 157 "GET /favicon.ico HTTP/1.1" 302 0
INFO 2020-11-18 16:12:08,064 basehttp 157 "GET /static/img/favicon.ico HTTP/1.1" 200 2431
INFO 2020-11-18 16:12:08,234 basehttp 157 "GET /mail/rend/ HTTP/1.1" 200 1728
WARNING 2020-11-18 16:12:08,278 log 228 Not Found: /mail/mail/static/js/bootstrap.min.js
WARNING 2020-11-18 16:12:08,280 log 228 Not Found: /mail/mail/static/css/index.css
WARNING 2020-11-18 16:12:08,282 log 228 Not Found: /mail/mail/static/js/jquery-3.2.1.min.js
WARNING 2020-11-18 16:12:08,285 log 228 Not Found: /mail/mail/static/css/bootstrap.min.css
WARNING 2020-11-18 16:12:08,286 basehttp 157 "GET /mail/mail/static/js/bootstrap.min.js HTTP/1.1" 404 2726
WARNING 2020-11-18 16:12:08,287 basehttp 157 "GET /mail/mail/static/css/index.css HTTP/1.1" 404 2708
WARNING 2020-11-18 16:12:08,287 basehttp 157 "GET /mail/mail/static/js/jquery-3.2.1.min.js HTTP/1.1" 404 2735
WARNING 2020-11-18 16:12:08,289 basehttp 157 "GET /mail/mail/static/css/bootstrap.min.css HTTP/1.1" 404 2732
WARNING 2020-11-18 16:12:08,308 log 228 Not Found: /mail/mail/static/js/bootstrap.min.js
WARNING 2020-11-18 16:12:08,309 basehttp 157 "GET /mail/mail/static/js/bootstrap.min.js HTTP/1.1" 404 2726
INFO 2020-11-18 16:12:08,320 basehttp 157 "GET /favicon.ico HTTP/1.1" 302 0
INFO 2020-11-18 16:12:08,327 basehttp 157 "GET /static/img/favicon.ico HTTP/1.1" 200 2431
INFO 2020-11-18 16:12:08,517 basehttp 157 "GET /mail/rend/ HTTP/1.1" 200 1728
WARNING 2020-11-18 16:12:08,572 log 228 Not Found: /mail/mail/static/css/index.css
WARNING 2020-11-18 16:12:08,574 log 228 Not Found: /mail/mail/static/js/bootstrap.min.js
WARNING 2020-11-18 16:12:08,577 log 228 Not Found: /mail/mail/static/js/jquery-3.2.1.min.js
WARNING 2020-11-18 16:12:08,578 basehttp 157 "GET /mail/mail/static/css/index.css HTTP/1.1" 404 2708
WARNING 2020-11-18 16:12:08,581 log 228 Not Found: /mail/mail/static/css/bootstrap.min.css
WARNING 2020-11-18 16:12:08,583 basehttp 157 "GET /mail/mail/static/js/jquery-3.2.1.min.js HTTP/1.1" 404 2735
WARNING 2020-11-18 16:12:08,586 basehttp 157 "GET /mail/mail/static/css/bootstrap.min.css HTTP/1.1" 404 2732
WARNING 2020-11-18 16:12:08,588 basehttp 157 "GET /mail/mail/static/js/bootstrap.min.js HTTP/1.1" 404 2726
WARNING 2020-11-18 16:12:08,608 log 228 Not Found: /mail/mail/static/js/bootstrap.min.js
WARNING 2020-11-18 16:12:08,609 basehttp 157 "GET /mail/mail/static/js/bootstrap.min.js HTTP/1.1" 404 2726
INFO 2020-11-18 16:12:08,620 basehttp 157 "GET /favicon.ico HTTP/1.1" 302 0
INFO 2020-11-18 16:12:08,627 basehttp 157 "GET /static/img/favicon.ico HTTP/1.1" 200 2431
INFO 2020-11-18 16:12:08,875 basehttp 157 "GET /mail/rend/ HTTP/1.1" 200 1728
WARNING 2020-11-18 16:12:08,931 log 228 Not Found: /mail/mail/static/js/bootstrap.min.js
WARNING 2020-11-18 16:12:08,935 log 228 Not Found: /mail/mail/static/css/index.css
WARNING 2020-11-18 16:12:08,936 basehttp 157 "GET /mail/mail/static/js/bootstrap.min.js HTTP/1.1" 404 2726
WARNING 2020-11-18 16:12:08,940 log 228 Not Found: /mail/mail/static/js/jquery-3.2.1.min.js
WARNING 2020-11-18 16:12:08,941 basehttp 157 "GET /mail/mail/static/css/index.css HTTP/1.1" 404 2708
WARNING 2020-11-18 16:12:08,948 log 228 Not Found: /mail/mail/static/css/bootstrap.min.css
WARNING 2020-11-18 16:12:08,948 basehttp 157 "GET /mail/mail/static/js/jquery-3.2.1.min.js HTTP/1.1" 404 2735
WARNING 2020-11-18 16:12:08,951 basehttp 157 "GET /mail/mail/static/css/bootstrap.min.css HTTP/1.1" 404 2732
WARNING 2020-11-18 16:12:08,967 log 228 Not Found: /mail/mail/static/js/bootstrap.min.js
WARNING 2020-11-18 16:12:08,968 basehttp 157 "GET /mail/mail/static/js/bootstrap.min.js HTTP/1.1" 404 2726
INFO 2020-11-18 16:12:08,982 basehttp 157 "GET /favicon.ico HTTP/1.1" 302 0
INFO 2020-11-18 16:12:08,992 basehttp 157 "GET /static/img/favicon.ico HTTP/1.1" 200 2431
INFO 2020-11-18 16:12:09,574 basehttp 157 "GET /mail/rend/ HTTP/1.1" 200 1728
WARNING 2020-11-18 16:12:09,606 log 228 Not Found: /mail/mail/static/js/bootstrap.min.js
WARNING 2020-11-18 16:12:09,610 basehttp 157 "GET /mail/mail/static/js/bootstrap.min.js HTTP/1.1" 404 2726
WARNING 2020-11-18 16:12:09,615 log 228 Not Found: /mail/mail/static/js/jquery-3.2.1.min.js
WARNING 2020-11-18 16:12:09,617 log 228 Not Found: /mail/mail/static/css/index.css
WARNING 2020-11-18 16:12:09,618 basehttp 157 "GET /mail/mail/static/js/jquery-3.2.1.min.js HTTP/1.1" 404 2735
WARNING 2020-11-18 16:12:09,619 basehttp 157 "GET /mail/mail/static/css/index.css HTTP/1.1" 404 2708
WARNING 2020-11-18 16:12:09,622 log 228 Not Found: /mail/mail/static/css/bootstrap.min.css
WARNING 2020-11-18 16:12:09,623 basehttp 157 "GET /mail/mail/static/css/bootstrap.min.css HTTP/1.1" 404 2732
WARNING 2020-11-18 16:12:09,649 log 228 Not Found: /mail/mail/static/js/bootstrap.min.js
WARNING 2020-11-18 16:12:09,650 basehttp 157 "GET /mail/mail/static/js/bootstrap.min.js HTTP/1.1" 404 2726
INFO 2020-11-18 16:12:09,663 basehttp 157 "GET /favicon.ico HTTP/1.1" 302 0
INFO 2020-11-18 16:12:09,671 basehttp 157 "GET /static/img/favicon.ico HTTP/1.1" 200 2431
INFO 2020-11-18 16:12:09,972 basehttp 157 "GET /mail/rend/ HTTP/1.1" 200 1728
WARNING 2020-11-18 16:12:10,001 log 228 Not Found: /mail/mail/static/js/bootstrap.min.js
WARNING 2020-11-18 16:12:10,010 log 228 Not Found: /mail/mail/static/css/index.css
WARNING 2020-11-18 16:12:10,015 log 228 Not Found: /mail/mail/static/js/jquery-3.2.1.min.js
WARNING 2020-11-18 16:12:10,022 basehttp 157 "GET /mail/mail/static/css/index.css HTTP/1.1" 404 2708
WARNING 2020-11-18 16:12:10,021 log 228 Not Found: /mail/mail/static/css/bootstrap.min.css
WARNING 2020-11-18 16:12:10,023 basehttp 157 "GET /mail/mail/static/css/bootstrap.min.css HTTP/1.1" 404 2732
WARNING 2020-11-18 16:12:10,024 basehttp 157 "GET /mail/mail/static/js/jquery-3.2.1.min.js HTTP/1.1" 404 2735
WARNING 2020-11-18 16:12:10,027 basehttp 157 "GET /mail/mail/static/js/bootstrap.min.js HTTP/1.1" 404 2726
WARNING 2020-11-18 16:12:10,048 log 228 Not Found: /mail/mail/static/js/bootstrap.min.js
WARNING 2020-11-18 16:12:10,049 basehttp 157 "GET /mail/mail/static/js/bootstrap.min.js HTTP/1.1" 404 2726
INFO 2020-11-18 16:12:10,071 basehttp 157 "GET /favicon.ico HTTP/1.1" 302 0
INFO 2020-11-18 16:12:10,078 basehttp 157 "GET /static/img/favicon.ico HTTP/1.1" 200 2431
INFO 2020-11-18 16:12:10,253 basehttp 157 "GET /mail/rend/ HTTP/1.1" 200 1728
WARNING 2020-11-18 16:12:10,313 log 228 Not Found: /mail/mail/static/js/bootstrap.min.js
WARNING 2020-11-18 16:12:10,316 log 228 Not Found: /mail/mail/static/js/jquery-3.2.1.min.js
WARNING 2020-11-18 16:12:10,320 log 228 Not Found: /mail/mail/static/css/index.css
WARNING 2020-11-18 16:12:10,322 log 228 Not Found: /mail/mail/static/css/bootstrap.min.css
WARNING 2020-11-18 16:12:10,323 basehttp 157 "GET /mail/mail/static/js/bootstrap.min.js HTTP/1.1" 404 2726
WARNING 2020-11-18 16:12:10,326 basehttp 157 "GET /mail/mail/static/css/bootstrap.min.css HTTP/1.1" 404 2732
WARNING 2020-11-18 16:12:10,326 basehttp 157 "GET /mail/mail/static/js/jquery-3.2.1.min.js HTTP/1.1" 404 2735
WARNING 2020-11-18 16:12:10,328 basehttp 157 "GET /mail/mail/static/css/index.css HTTP/1.1" 404 2708
WARNING 2020-11-18 16:12:10,350 log 228 Not Found: /mail/mail/static/js/bootstrap.min.js
WARNING 2020-11-18 16:12:10,351 basehttp 157 "GET /mail/mail/static/js/bootstrap.min.js HTTP/1.1" 404 2726
INFO 2020-11-18 16:12:10,367 basehttp 157 "GET /favicon.ico HTTP/1.1" 302 0
INFO 2020-11-18 16:12:10,374 basehttp 157 "GET /static/img/favicon.ico HTTP/1.1" 200 2431
INFO 2020-11-18 16:12:14,313 basehttp 157 "GET /mail/rend/ HTTP/1.1" 200 1728
WARNING 2020-11-18 16:12:14,357 log 228 Not Found: /mail/mail/static/css/bootstrap.min.css
WARNING 2020-11-18 16:12:14,359 log 228 Not Found: /mail/mail/static/js/bootstrap.min.js
WARNING 2020-11-18 16:12:14,360 basehttp 157 "GET /mail/mail/static/css/bootstrap.min.css HTTP/1.1" 404 2732
WARNING 2020-11-18 16:12:14,364 log 228 Not Found: /mail/mail/static/js/jquery-3.2.1.min.js
WARNING 2020-11-18 16:12:14,366 basehttp 157 "GET /mail/mail/static/js/bootstrap.min.js HTTP/1.1" 404 2726
WARNING 2020-11-18 16:12:14,368 basehttp 157 "GET /mail/mail/static/js/jquery-3.2.1.min.js HTTP/1.1" 404 2735
WARNING 2020-11-18 16:12:14,375 log 228 Not Found: /mail/mail/static/css/index.css
WARNING 2020-11-18 16:12:14,376 basehttp 157 "GET /mail/mail/static/css/index.css HTTP/1.1" 404 2708
WARNING 2020-11-18 16:12:14,388 log 228 Not Found: /mail/mail/static/js/bootstrap.min.js
WARNING 2020-11-18 16:12:14,390 basehttp 157 "GET /mail/mail/static/js/bootstrap.min.js HTTP/1.1" 404 2726
INFO 2020-11-18 16:12:14,405 basehttp 157 "GET /favicon.ico HTTP/1.1" 302 0
INFO 2020-11-18 16:12:14,413 basehttp 157 "GET /static/img/favicon.ico HTTP/1.1" 200 2431
ERROR 2020-11-18 16:16:23,307 log 228 Internal Server Error: /mail/rend/
Traceback (most recent call last):
  File "C:\VirtualEnvs\BMS\lib\site-packages\django\template\base.py", line 469, in parse
    compile_func = self.tags[command]
KeyError: 'static'

During handling of the above exception, another exception occurred:

Traceback (most recent call last):
  File "C:\VirtualEnvs\BMS\lib\site-packages\django\core\handlers\exception.py", line 34, in inner
    response = get_response(request)
  File "C:\VirtualEnvs\BMS\lib\site-packages\django\core\handlers\base.py", line 115, in _get_response
    response = self.process_exception_by_middleware(e, request)
  File "C:\VirtualEnvs\BMS\lib\site-packages\django\core\handlers\base.py", line 113, in _get_response
    response = wrapped_callback(request, *callback_args, **callback_kwargs)
  File "C:\Users\Administrator\PycharmProjects\BMS\BMS\apps\mail\views.py", line 10, in test_email
    return render(request, 'mail/test_email.html')
  File "C:\VirtualEnvs\BMS\lib\site-packages\django\shortcuts.py", line 19, in render
    content = loader.render_to_string(template_name, context, request, using=using)
  File "C:\VirtualEnvs\BMS\lib\site-packages\django\template\loader.py", line 61, in render_to_string
    template = get_template(template_name, using=using)
  File "C:\VirtualEnvs\BMS\lib\site-packages\django\template\loader.py", line 15, in get_template
    return engine.get_template(template_name)
  File "C:\VirtualEnvs\BMS\lib\site-packages\django\template\backends\django.py", line 34, in get_template
    return Template(self.engine.get_template(template_name), self)
  File "C:\VirtualEnvs\BMS\lib\site-packages\django\template\engine.py", line 143, in get_template
    template, origin = self.find_template(template_name)
  File "C:\VirtualEnvs\BMS\lib\site-packages\django\template\engine.py", line 125, in find_template
    template = loader.get_template(name, skip=skip)
  File "C:\VirtualEnvs\BMS\lib\site-packages\django\template\loaders\base.py", line 30, in get_template
    contents, origin, origin.template_name, self.engine,
  File "C:\VirtualEnvs\BMS\lib\site-packages\django\template\base.py", line 156, in __init__
    self.nodelist = self.compile_nodelist()
  File "C:\VirtualEnvs\BMS\lib\site-packages\django\template\base.py", line 194, in compile_nodelist
    return parser.parse()
  File "C:\VirtualEnvs\BMS\lib\site-packages\django\template\base.py", line 471, in parse
    self.invalid_block_tag(token, command, parse_until)
  File "C:\VirtualEnvs\BMS\lib\site-packages\django\template\base.py", line 533, in invalid_block_tag
    "or load this tag?" % (token.lineno, command)
django.template.exceptions.TemplateSyntaxError: Invalid block tag on line 10: 'static'. Did you forget to register or load this tag?
ERROR 2020-11-18 16:16:23,309 basehttp 157 "GET /mail/rend/ HTTP/1.1" 500 134650
INFO 2020-11-18 16:16:23,603 basehttp 157 "GET /favicon.ico HTTP/1.1" 302 0
INFO 2020-11-18 16:16:23,614 basehttp 157 "GET /static/img/favicon.ico HTTP/1.1" 200 2431
INFO 2020-11-18 16:16:45,677 basehttp 157 "GET /mail/rend/ HTTP/1.1" 200 1693
INFO 2020-11-18 16:16:45,753 basehttp 157 "GET /static/css/index.css HTTP/1.1" 200 715
INFO 2020-11-18 16:16:45,809 basehttp 157 "GET /static/js/jquery-3.2.1.min.js HTTP/1.1" 200 86659
INFO 2020-11-18 16:16:45,818 basehttp 157 "GET /static/js/bootstrap.min.js HTTP/1.1" 200 37045
INFO 2020-11-18 16:16:45,855 basehttp 157 "GET /static/css/bootstrap.min.css HTTP/1.1" 200 121200
INFO 2020-11-18 16:16:45,949 basehttp 157 "GET /favicon.ico HTTP/1.1" 302 0
INFO 2020-11-18 16:16:45,972 basehttp 157 "GET /static/css/bootstrap.min.css.map HTTP/1.1" 200 542194
INFO 2020-11-18 16:16:45,975 basehttp 157 "GET /static/img/favicon.ico HTTP/1.1" 200 2431
INFO 2020-11-18 16:19:07,032 autoreload 598 Watching for file changes with StatReloader
INFO 2020-11-18 16:19:10,583 basehttp 157 "GET /mail/rend/ HTTP/1.1" 200 1693
INFO 2020-11-18 16:19:10,723 basehttp 157 "GET /favicon.ico HTTP/1.1" 302 0
INFO 2020-11-18 16:19:10,740 basehttp 157 "GET /static/img/favicon.ico HTTP/1.1" 200 2431
INFO 2020-11-18 16:19:10,762 basehttp 157 "GET /static/css/bootstrap.min.css.map HTTP/1.1" 200 542194
ERROR 2020-11-18 16:19:23,174 log 228 Internal Server Error: /mail/send/
Traceback (most recent call last):
  File "C:\VirtualEnvs\BMS\lib\site-packages\django\core\handlers\exception.py", line 34, in inner
    response = get_response(request)
  File "C:\VirtualEnvs\BMS\lib\site-packages\django\core\handlers\base.py", line 115, in _get_response
    response = self.process_exception_by_middleware(e, request)
  File "C:\VirtualEnvs\BMS\lib\site-packages\django\core\handlers\base.py", line 113, in _get_response
    response = wrapped_callback(request, *callback_args, **callback_kwargs)
  File "C:\Users\Administrator\PycharmProjects\BMS\BMS\apps\mail\views.py", line 20, in send_email
    text_content = get_html_content()
  File "C:\Users\Administrator\PycharmProjects\BMS\BMS\apps\mail\views.py", line 13, in get_html_content
    return render('mail/test_email.html')
TypeError: render() missing 1 required positional argument: 'template_name'
ERROR 2020-11-18 16:19:23,176 basehttp 157 "GET /mail/send/ HTTP/1.1" 500 76909
INFO 2020-11-18 16:23:34,521 autoreload 598 Watching for file changes with StatReloader
INFO 2020-11-18 16:23:46,614 basehttp 157 "GET /mail/rend/ HTTP/1.1" 200 1720
WARNING 2020-11-18 16:23:46,661 log 228 Not Found: /static_files/css/index.css
WARNING 2020-11-18 16:23:46,662 log 228 Not Found: /static_files/css/bootstrap.min.css
WARNING 2020-11-18 16:23:46,665 log 228 Not Found: /static_files/js/bootstrap.min.js' %}
WARNING 2020-11-18 16:23:46,668 log 228 Not Found: /static_files/js/jquery-3.2.1.min.js
WARNING 2020-11-18 16:23:46,670 basehttp 157 "GET /static_files/css/bootstrap.min.css HTTP/1.1" 404 2470
WARNING 2020-11-18 16:23:46,671 basehttp 157 "GET /static_files/css/index.css HTTP/1.1" 404 2446
WARNING 2020-11-18 16:23:46,673 basehttp 157 "GET /static_files/js/bootstrap.min.js'%20%%7D HTTP/1.1" 404 2497
WARNING 2020-11-18 16:23:46,676 basehttp 157 "GET /static_files/js/jquery-3.2.1.min.js HTTP/1.1" 404 2473
WARNING 2020-11-18 16:23:46,690 log 228 Not Found: /static_files/js/bootstrap.min.js' %}
WARNING 2020-11-18 16:23:46,691 basehttp 157 "GET /static_files/js/bootstrap.min.js'%20%%7D HTTP/1.1" 404 2497
INFO 2020-11-18 16:23:46,698 basehttp 157 "GET /favicon.ico HTTP/1.1" 302 0
INFO 2020-11-18 16:23:46,702 basehttp 157 "GET /static/img/favicon.ico HTTP/1.1" 200 2431
WARNING 2020-11-18 16:24:01,900 log 228 Not Found: /static_files/css/bootstrap.min.css
WARNING 2020-11-18 16:24:01,905 log 228 Not Found: /static_files/css/index.css
WARNING 2020-11-18 16:24:01,907 basehttp 157 "GET /static_files/css/index.css HTTP/1.1" 404 2446
WARNING 2020-11-18 16:24:01,908 basehttp 157 "GET /static_files/css/bootstrap.min.css HTTP/1.1" 404 2470
INFO 2020-11-18 16:24:43,503 basehttp 157 "GET /mail/rend/ HTTP/1.1" 200 1693
INFO 2020-11-18 16:24:43,545 basehttp 157 "GET /static/css/index.css HTTP/1.1" 200 715
INFO 2020-11-18 16:24:43,651 basehttp 157 "GET /static/js/bootstrap.min.js HTTP/1.1" 200 37045
INFO 2020-11-18 16:24:43,658 basehttp 157 "GET /static/js/jquery-3.2.1.min.js HTTP/1.1" 200 86659
INFO 2020-11-18 16:24:43,666 basehttp 157 "GET /static/css/bootstrap.min.css HTTP/1.1" 200 121200
INFO 2020-11-18 16:24:43,733 basehttp 157 "GET /favicon.ico HTTP/1.1" 302 0
INFO 2020-11-18 16:24:43,744 basehttp 157 "GET /static/img/favicon.ico HTTP/1.1" 200 2431
INFO 2020-11-18 16:24:43,760 basehttp 157 "GET /static/css/bootstrap.min.css.map HTTP/1.1" 200 542194
INFO 2020-11-18 16:45:37,750 autoreload 598 Watching for file changes with StatReloader
INFO 2020-11-18 16:45:56,732 basehttp 157 "GET /mail/send/ HTTP/1.1" 200 15
INFO 2020-11-18 16:47:08,703 autoreload 598 Watching for file changes with StatReloader
INFO 2020-11-18 16:47:21,495 basehttp 157 "GET /mail/send/ HTTP/1.1" 200 15
INFO 2020-11-18 16:47:21,531 basehttp 157 "GET /favicon.ico HTTP/1.1" 302 0
INFO 2020-11-18 16:47:21,538 basehttp 157 "GET /static/img/favicon.ico HTTP/1.1" 200 2431
INFO 2020-11-18 17:02:19,890 autoreload 222 C:\Users\Administrator\PycharmProjects\BMS\BMS\apps\mail\views.py changed, reloading.
INFO 2020-11-18 17:02:21,102 autoreload 598 Watching for file changes with StatReloader
INFO 2020-11-18 17:02:32,797 autoreload 222 C:\Users\Administrator\PycharmProjects\BMS\BMS\apps\mail\views.py changed, reloading.
INFO 2020-11-18 17:02:33,957 autoreload 598 Watching for file changes with StatReloader
INFO 2020-11-18 17:10:58,394 autoreload 222 C:\Users\Administrator\PycharmProjects\BMS\BMS\apps\mail\views.py changed, reloading.
INFO 2020-11-18 17:10:59,553 autoreload 598 Watching for file changes with StatReloader
INFO 2020-11-18 17:11:08,632 autoreload 222 C:\Users\Administrator\PycharmProjects\BMS\BMS\apps\mail\views.py changed, reloading.
INFO 2020-11-18 17:11:09,856 autoreload 598 Watching for file changes with StatReloader
INFO 2020-11-18 17:11:42,793 autoreload 222 C:\Users\Administrator\PycharmProjects\BMS\BMS\apps\mail\views.py changed, reloading.
INFO 2020-11-18 17:11:43,868 autoreload 598 Watching for file changes with StatReloader
INFO 2020-11-18 17:13:45,038 autoreload 222 C:\Users\Administrator\PycharmProjects\BMS\BMS\apps\mail\views.py changed, reloading.
INFO 2020-11-18 17:13:46,291 autoreload 598 Watching for file changes with StatReloader
INFO 2020-11-18 17:15:56,593 autoreload 222 C:\Users\Administrator\PycharmProjects\BMS\BMS\apps\mail\views.py changed, reloading.
INFO 2020-11-18 17:15:57,766 autoreload 598 Watching for file changes with StatReloader
INFO 2020-11-18 17:19:33,631 autoreload 222 C:\Users\Administrator\PycharmProjects\BMS\BMS\apps\mail\views.py changed, reloading.
INFO 2020-11-18 17:19:35,160 autoreload 598 Watching for file changes with StatReloader
INFO 2020-11-18 17:20:46,166 autoreload 222 C:\Users\Administrator\PycharmProjects\BMS\BMS\apps\mail\views.py changed, reloading.
INFO 2020-11-18 17:20:47,318 autoreload 598 Watching for file changes with StatReloader
INFO 2020-11-18 17:21:17,089 autoreload 598 Watching for file changes with StatReloader
ERROR 2020-11-18 17:21:23,775 log 228 Internal Server Error: /mail/send/
Traceback (most recent call last):
  File "C:\VirtualEnvs\BMS\lib\site-packages\django\core\handlers\exception.py", line 34, in inner
    response = get_response(request)
  File "C:\VirtualEnvs\BMS\lib\site-packages\django\core\handlers\base.py", line 115, in _get_response
    response = self.process_exception_by_middleware(e, request)
  File "C:\VirtualEnvs\BMS\lib\site-packages\django\core\handlers\base.py", line 113, in _get_response
    response = wrapped_callback(request, *callback_args, **callback_kwargs)
TypeError: send_email02() takes 0 positional arguments but 1 was given
ERROR 2020-11-18 17:21:23,776 basehttp 157 "GET /mail/send/ HTTP/1.1" 500 70161
INFO 2020-11-18 17:21:23,915 basehttp 157 "GET /favicon.ico HTTP/1.1" 302 0
INFO 2020-11-18 17:21:23,922 basehttp 157 "GET /static/img/favicon.ico HTTP/1.1" 200 2431
INFO 2020-11-18 17:21:59,389 autoreload 598 Watching for file changes with StatReloader
INFO 2020-11-18 17:22:09,915 basehttp 157 "GET /mail/send/ HTTP/1.1" 200 21
INFO 2020-11-18 17:22:09,953 basehttp 157 "GET /favicon.ico HTTP/1.1" 302 0
INFO 2020-11-18 17:22:09,962 basehttp 157 "GET /static/img/favicon.ico HTTP/1.1" 200 2431
INFO 2020-11-18 17:24:19,935 autoreload 222 C:\Users\Administrator\PycharmProjects\BMS\BMS\apps\mail\views.py changed, reloading.
INFO 2020-11-18 17:24:21,207 autoreload 598 Watching for file changes with StatReloader
INFO 2020-11-18 17:24:24,250 basehttp 157 "GET /mail/send/ HTTP/1.1" 200 21
INFO 2020-11-18 17:24:24,274 basehttp 157 "GET /favicon.ico HTTP/1.1" 302 0
INFO 2020-11-18 17:24:24,385 basehttp 157 "GET /static/img/favicon.ico HTTP/1.1" 200 2431
INFO 2020-11-18 17:36:46,909 autoreload 222 C:\Users\Administrator\PycharmProjects\BMS\BMS\apps\mail\views.py changed, reloading.
INFO 2020-11-18 17:36:48,006 autoreload 598 Watching for file changes with StatReloader
INFO 2020-11-18 17:37:44,687 autoreload 222 C:\Users\Administrator\PycharmProjects\BMS\BMS\apps\mail\views.py changed, reloading.
INFO 2020-11-18 17:37:45,778 autoreload 598 Watching for file changes with StatReloader
INFO 2020-11-18 17:39:05,654 autoreload 598 Watching for file changes with StatReloader
ERROR 2020-11-18 17:39:12,795 log 228 Internal Server Error: /mail/send/
Traceback (most recent call last):
  File "C:\VirtualEnvs\BMS\lib\site-packages\django\core\handlers\exception.py", line 34, in inner
    response = get_response(request)
  File "C:\VirtualEnvs\BMS\lib\site-packages\django\core\handlers\base.py", line 115, in _get_response
    response = self.process_exception_by_middleware(e, request)
  File "C:\VirtualEnvs\BMS\lib\site-packages\django\core\handlers\base.py", line 113, in _get_response
    response = wrapped_callback(request, *callback_args, **callback_kwargs)
  File "C:\Users\Administrator\PycharmProjects\BMS\BMS\apps\mail\views.py", line 129, in send_email02
    connection.send_messages([all, test])
  File "C:\VirtualEnvs\BMS\lib\site-packages\django\core\mail\backends\smtp.py", line 109, in send_messages
    sent = self._send(message)
  File "C:\VirtualEnvs\BMS\lib\site-packages\django\core\mail\backends\smtp.py", line 125, in _send
    self.connection.sendmail(from_email, recipients, message.as_bytes(linesep='\r\n'))
  File "C:\Python36\lib\smtplib.py", line 867, in sendmail
    raise SMTPSenderRefused(code, resp, from_addr)
smtplib.SMTPSenderRefused: (553, b'Mail from must equal authorized user', 'zhangquan@unionpay.com')
ERROR 2020-11-18 17:39:12,798 basehttp 157 "GET /mail/send/ HTTP/1.1" 500 92969
INFO 2020-11-18 17:39:12,929 basehttp 157 "GET /favicon.ico HTTP/1.1" 302 0
INFO 2020-11-18 17:39:12,934 basehttp 157 "GET /static/img/favicon.ico HTTP/1.1" 200 2431
INFO 2020-11-18 18:20:56,154 autoreload 222 C:\Users\Administrator\PycharmProjects\BMS\BMS\apps\mail\views.py changed, reloading.
INFO 2020-11-18 18:20:57,553 autoreload 598 Watching for file changes with StatReloader
INFO 2020-11-18 18:23:52,117 autoreload 222 C:\Users\Administrator\PycharmProjects\BMS\BMS\apps\mail\urls.py changed, reloading.
INFO 2020-11-18 18:23:53,362 autoreload 598 Watching for file changes with StatReloader
INFO 2020-11-18 18:25:56,894 autoreload 222 C:\Users\Administrator\PycharmProjects\BMS\BMS\apps\mail\views.py changed, reloading.
INFO 2020-11-18 18:25:58,126 autoreload 598 Watching for file changes with StatReloader
INFO 2020-11-18 18:28:09,407 autoreload 598 Watching for file changes with StatReloader
ERROR 2020-11-18 18:28:19,235 log 228 Internal Server Error: /mail/send/
Traceback (most recent call last):
  File "C:\VirtualEnvs\BMS\lib\site-packages\django\core\handlers\exception.py", line 34, in inner
    response = get_response(request)
  File "C:\VirtualEnvs\BMS\lib\site-packages\django\core\handlers\base.py", line 115, in _get_response
    response = self.process_exception_by_middleware(e, request)
  File "C:\VirtualEnvs\BMS\lib\site-packages\django\core\handlers\base.py", line 113, in _get_response
    response = wrapped_callback(request, *callback_args, **callback_kwargs)
  File "C:\Users\Administrator\PycharmProjects\BMS\BMS\apps\mail\views.py", line 60, in send_email
    with mail.get_connection() as connection:
  File "C:\VirtualEnvs\BMS\lib\site-packages\django\core\mail\backends\base.py", line 45, in __enter__
    self.open()
  File "C:\VirtualEnvs\BMS\lib\site-packages\django\core\mail\backends\smtp.py", line 62, in open
    self.connection = self.connection_class(self.host, self.port, **connection_params)
  File "C:\Python36\lib\smtplib.py", line 1031, in __init__
    source_address)
  File "C:\Python36\lib\smtplib.py", line 251, in __init__
    (code, msg) = self.connect(host, port)
  File "C:\Python36\lib\smtplib.py", line 336, in connect
    self.sock = self._get_socket(host, port, self.timeout)
  File "C:\Python36\lib\smtplib.py", line 1037, in _get_socket
    self.source_address)
  File "C:\Python36\lib\socket.py", line 704, in create_connection
    for res in getaddrinfo(host, port, 0, SOCK_STREAM):
  File "C:\Python36\lib\socket.py", line 745, in getaddrinfo
    for res in _socket.getaddrinfo(host, port, family, type, proto, flags):
socket.gaierror: [Errno 11004] getaddrinfo failed
ERROR 2020-11-18 18:28:19,238 basehttp 157 "GET /mail/send/ HTTP/1.1" 500 106739
INFO 2020-11-19 10:05:06,509 autoreload 598 Watching for file changes with StatReloader
INFO 2020-11-19 10:06:36,617 autoreload 222 C:\Users\Administrator\PycharmProjects\BMS\BMS\apps\mail\views.py changed, reloading.
INFO 2020-11-19 10:06:38,972 autoreload 598 Watching for file changes with StatReloader
INFO 2020-11-19 10:10:00,648 autoreload 598 Watching for file changes with StatReloader
INFO 2020-11-19 10:19:27,373 autoreload 222 C:\Users\Administrator\PycharmProjects\BMS\BMS\apps\mail\views.py changed, reloading.
INFO 2020-11-19 10:19:29,853 autoreload 598 Watching for file changes with StatReloader
INFO 2020-11-19 11:40:56,432 autoreload 598 Watching for file changes with StatReloader
INFO 2020-11-19 11:43:12,658 autoreload 222 C:\Users\Administrator\PycharmProjects\BMS\BMS\apps\mail\views.py changed, reloading.
INFO 2020-11-19 11:43:18,446 autoreload 598 Watching for file changes with StatReloader
INFO 2020-11-19 11:45:25,893 autoreload 222 C:\Users\Administrator\PycharmProjects\BMS\BMS\apps\mail\views.py changed, reloading.
INFO 2020-11-19 11:45:30,099 autoreload 598 Watching for file changes with StatReloader
INFO 2020-11-19 11:46:20,698 autoreload 598 Watching for file changes with StatReloader
INFO 2020-11-19 11:46:44,829 autoreload 598 Watching for file changes with StatReloader
INFO 2020-11-19 11:48:44,384 autoreload 598 Watching for file changes with StatReloader
INFO 2020-11-19 11:50:08,018 autoreload 598 Watching for file changes with StatReloader
INFO 2020-11-19 11:50:38,767 autoreload 598 Watching for file changes with StatReloader
ERROR 2020-11-19 11:52:27,060 log 228 Internal Server Error: /mail/send/
Traceback (most recent call last):
  File "C:\VirtualEnvs\BMS\lib\site-packages\django\core\handlers\exception.py", line 34, in inner
    response = get_response(request)
  File "C:\VirtualEnvs\BMS\lib\site-packages\django\core\handlers\base.py", line 115, in _get_response
    response = self.process_exception_by_middleware(e, request)
  File "C:\VirtualEnvs\BMS\lib\site-packages\django\core\handlers\base.py", line 113, in _get_response
    response = wrapped_callback(request, *callback_args, **callback_kwargs)
  File "C:\Users\Administrator\PycharmProjects\BMS\BMS\apps\mail\views.py", line 119, in send_email
    subject="工作日报-全室", body=get_html_content(), to=receiver_list,
  File "C:\Users\Administrator\PycharmProjects\BMS\BMS\apps\mail\views.py", line 70, in get_html_content
    readFromXls(date='2020-11-19', form_res='all')
  File "C:\Users\Administrator\PycharmProjects\BMS\BMS\apps\mail\views.py", line 27, in readFromXls
    workbook = xlrd.open_workbook(filename)
  File "C:\VirtualEnvs\BMS\lib\site-packages\xlrd\__init__.py", line 111, in open_workbook
    with open(filename, "rb") as f:
FileNotFoundError: [Errno 2] No such file or directory: 'C:\\Users\\Administrator\\PycharmProjects\\BMS\\static_files\\dailyReport\\daily_2020-11-19.xls'
ERROR 2020-11-19 11:52:27,077 basehttp 157 "GET /mail/send/ HTTP/1.1" 500 89324
INFO 2020-11-19 11:52:27,419 basehttp 157 "GET /favicon.ico HTTP/1.1" 302 0
INFO 2020-11-19 11:52:27,467 basehttp 157 "GET /static/img/favicon.ico HTTP/1.1" 200 2431
INFO 2020-11-19 11:55:52,182 autoreload 598 Watching for file changes with StatReloader
INFO 2020-12-29 21:15:30,213 autoreload 598 Watching for file changes with StatReloader
WARNING 2020-12-29 21:16:24,313 log 228 Not Found: /
WARNING 2020-12-29 21:16:24,315 basehttp 157 "GET / HTTP/1.1" 404 2244
INFO 2020-12-29 21:16:24,375 basehttp 157 "GET /favicon.ico HTTP/1.1" 302 0
INFO 2020-12-29 21:16:24,408 basehttp 157 "GET /static/img/favicon.ico HTTP/1.1" 200 2431
INFO 2020-12-29 21:17:40,401 autoreload 598 Watching for file changes with StatReloader
INFO 2020-12-29 21:17:59,228 autoreload 598 Watching for file changes with StatReloader
INFO 2020-12-29 21:18:03,813 basehttp 157 "GET / HTTP/1.1" 200 4694
INFO 2020-12-29 21:18:03,840 basehttp 157 "GET /static/css/index.css HTTP/1.1" 200 715
INFO 2020-12-29 21:18:03,848 basehttp 157 "GET /static/js/jquery-3.2.1.min.js HTTP/1.1" 200 86659
INFO 2020-12-29 21:18:03,850 basehttp 157 "GET /static/css/bootstrap.min.css HTTP/1.1" 200 121200
INFO 2020-12-29 21:18:03,859 basehttp 157 "GET /static/js/bootstrap.min.js HTTP/1.1" 200 37045
INFO 2020-12-29 21:18:03,910 basehttp 157 "GET /static/img/logo.png HTTP/1.1" 200 48274
INFO 2020-12-29 21:18:03,958 basehttp 157 "GET /static/img/icon_5.jpg HTTP/1.1" 200 2471
INFO 2020-12-29 21:18:03,968 basehttp 157 "GET /static/img/jiangxuan_1.jpg HTTP/1.1" 200 44779
INFO 2020-12-29 21:18:43,340 basehttp 157 "GET /user/register HTTP/1.1" 200 4694
INFO 2020-12-29 21:18:45,325 basehttp 157 "GET /user/register HTTP/1.1" 200 4694
INFO 2020-12-29 21:19:48,494 autoreload 222 C:\Users\Administrator\PycharmProjects\BMS\BMS\apps\users\urls.py changed, reloading.
INFO 2020-12-29 21:19:49,443 autoreload 598 Watching for file changes with StatReloader
INFO 2020-12-29 21:20:03,150 autoreload 222 C:\Users\Administrator\PycharmProjects\BMS\BMS\apps\users\views.py changed, reloading.
INFO 2020-12-29 21:20:04,091 autoreload 598 Watching for file changes with StatReloader
INFO 2020-12-29 21:20:36,645 autoreload 222 C:\Users\Administrator\PycharmProjects\BMS\BMS\apps\users\views.py changed, reloading.
INFO 2020-12-29 21:20:37,674 autoreload 598 Watching for file changes with StatReloader
INFO 2020-12-29 21:20:40,301 basehttp 157 "GET /user/test HTTP/1.1" 200 4694
INFO 2020-12-29 21:20:42,958 basehttp 157 "GET /user/test HTTP/1.1" 200 4694
INFO 2020-12-29 21:21:13,194 autoreload 598 Watching for file changes with StatReloader
INFO 2020-12-29 21:21:29,053 autoreload 222 C:\Users\Administrator\PycharmProjects\BMS\BMS\apps\users\views.py changed, reloading.
INFO 2020-12-29 21:21:30,102 autoreload 598 Watching for file changes with StatReloader
INFO 2020-12-29 21:21:37,757 autoreload 222 C:\Users\Administrator\PycharmProjects\BMS\BMS\apps\users\urls.py changed, reloading.
INFO 2020-12-29 21:21:38,829 autoreload 598 Watching for file changes with StatReloader
INFO 2020-12-29 21:21:49,122 basehttp 157 "GET / HTTP/1.1" 200 4694
INFO 2020-12-29 21:24:52,656 basehttp 157 "GET /user/register HTTP/1.1" 200 4694
INFO 2020-12-29 21:28:01,308 autoreload 598 Watching for file changes with StatReloader
INFO 2020-12-29 21:28:05,526 basehttp 157 "GET /user/register HTTP/1.1" 200 4694
INFO 2020-12-29 21:28:27,380 autoreload 598 Watching for file changes with StatReloader
INFO 2020-12-29 21:28:31,853 basehttp 157 "GET /user/register HTTP/1.1" 200 4694
INFO 2020-12-29 21:28:54,079 autoreload 598 Watching for file changes with StatReloader
INFO 2020-12-29 21:28:59,456 basehttp 157 "GET /user/register HTTP/1.1" 200 4694
INFO 2020-12-29 21:29:34,849 autoreload 222 C:\Users\Administrator\PycharmProjects\BMS\BMS\urls.py changed, reloading.
INFO 2020-12-29 21:29:36,814 autoreload 598 Watching for file changes with StatReloader
INFO 2020-12-29 21:29:54,151 autoreload 222 C:\Users\Administrator\PycharmProjects\BMS\BMS\apps\index\urls.py changed, reloading.
INFO 2020-12-29 21:29:56,113 autoreload 598 Watching for file changes with StatReloader
INFO 2020-12-29 21:30:00,205 basehttp 157 "GET /user/register HTTP/1.1" 301 0
ERROR 2020-12-29 21:30:03,901 log 228 Internal Server Error: /user/register/
Traceback (most recent call last):
  File "C:\VirtualEnvs\BMS\lib\site-packages\django\core\handlers\exception.py", line 34, in inner
    response = get_response(request)
  File "C:\VirtualEnvs\BMS\lib\site-packages\django\core\handlers\base.py", line 115, in _get_response
    response = self.process_exception_by_middleware(e, request)
  File "C:\VirtualEnvs\BMS\lib\site-packages\django\core\handlers\base.py", line 113, in _get_response
    response = wrapped_callback(request, *callback_args, **callback_kwargs)
  File "C:\VirtualEnvs\BMS\lib\site-packages\django\views\generic\base.py", line 71, in view
    return self.dispatch(request, *args, **kwargs)
  File "C:\VirtualEnvs\BMS\lib\site-packages\django\views\generic\base.py", line 97, in dispatch
    return handler(request, *args, **kwargs)
  File "C:\Users\Administrator\PycharmProjects\BMS\BMS\apps\users\views.py", line 20, in get
    return render(request, 'register.html')
  File "C:\VirtualEnvs\BMS\lib\site-packages\django\shortcuts.py", line 19, in render
    content = loader.render_to_string(template_name, context, request, using=using)
  File "C:\VirtualEnvs\BMS\lib\site-packages\django\template\loader.py", line 61, in render_to_string
    template = get_template(template_name, using=using)
  File "C:\VirtualEnvs\BMS\lib\site-packages\django\template\loader.py", line 19, in get_template
    raise TemplateDoesNotExist(template_name, chain=chain)
django.template.exceptions.TemplateDoesNotExist: register.html
ERROR 2020-12-29 21:30:03,905 basehttp 157 "GET /user/register/ HTTP/1.1" 500 99517
INFO 2020-12-29 21:30:35,172 autoreload 598 Watching for file changes with StatReloader
ERROR 2020-12-29 21:30:39,958 log 228 Internal Server Error: /user/register/
Traceback (most recent call last):
  File "C:\VirtualEnvs\BMS\lib\site-packages\django\core\handlers\exception.py", line 34, in inner
    response = get_response(request)
  File "C:\VirtualEnvs\BMS\lib\site-packages\django\core\handlers\base.py", line 115, in _get_response
    response = self.process_exception_by_middleware(e, request)
  File "C:\VirtualEnvs\BMS\lib\site-packages\django\core\handlers\base.py", line 113, in _get_response
    response = wrapped_callback(request, *callback_args, **callback_kwargs)
  File "C:\VirtualEnvs\BMS\lib\site-packages\django\views\generic\base.py", line 71, in view
    return self.dispatch(request, *args, **kwargs)
  File "C:\VirtualEnvs\BMS\lib\site-packages\django\views\generic\base.py", line 97, in dispatch
    return handler(request, *args, **kwargs)
  File "C:\Users\Administrator\PycharmProjects\BMS\BMS\apps\users\views.py", line 19, in get
    return render(request, 'users/register.html')
  File "C:\VirtualEnvs\BMS\lib\site-packages\django\shortcuts.py", line 19, in render
    content = loader.render_to_string(template_name, context, request, using=using)
  File "C:\VirtualEnvs\BMS\lib\site-packages\django\template\loader.py", line 61, in render_to_string
    template = get_template(template_name, using=using)
  File "C:\VirtualEnvs\BMS\lib\site-packages\django\template\loader.py", line 19, in get_template
    raise TemplateDoesNotExist(template_name, chain=chain)
django.template.exceptions.TemplateDoesNotExist: users/register.html
ERROR 2020-12-29 21:30:39,960 basehttp 157 "GET /user/register/ HTTP/1.1" 500 97092
INFO 2020-12-29 21:31:53,761 autoreload 598 Watching for file changes with StatReloader
ERROR 2020-12-29 21:31:58,639 log 228 Internal Server Error: /user/register/
Traceback (most recent call last):
  File "C:\VirtualEnvs\BMS\lib\site-packages\django\core\handlers\exception.py", line 34, in inner
    response = get_response(request)
  File "C:\VirtualEnvs\BMS\lib\site-packages\django\core\handlers\base.py", line 115, in _get_response
    response = self.process_exception_by_middleware(e, request)
  File "C:\VirtualEnvs\BMS\lib\site-packages\django\core\handlers\base.py", line 113, in _get_response
    response = wrapped_callback(request, *callback_args, **callback_kwargs)
  File "C:\VirtualEnvs\BMS\lib\site-packages\django\views\generic\base.py", line 71, in view
    return self.dispatch(request, *args, **kwargs)
  File "C:\VirtualEnvs\BMS\lib\site-packages\django\views\generic\base.py", line 97, in dispatch
    return handler(request, *args, **kwargs)
  File "C:\Users\Administrator\PycharmProjects\BMS\BMS\apps\users\views.py", line 19, in get
    return render(request, 'users/register.html')
  File "C:\VirtualEnvs\BMS\lib\site-packages\django\shortcuts.py", line 19, in render
    content = loader.render_to_string(template_name, context, request, using=using)
  File "C:\VirtualEnvs\BMS\lib\site-packages\django\template\loader.py", line 61, in render_to_string
    template = get_template(template_name, using=using)
  File "C:\VirtualEnvs\BMS\lib\site-packages\django\template\loader.py", line 19, in get_template
    raise TemplateDoesNotExist(template_name, chain=chain)
django.template.exceptions.TemplateDoesNotExist: users/register.html
ERROR 2020-12-29 21:31:58,641 basehttp 157 "GET /user/register/ HTTP/1.1" 500 97092
INFO 2020-12-29 21:32:44,886 autoreload 598 Watching for file changes with StatReloader
ERROR 2020-12-29 21:32:51,167 log 228 Internal Server Error: /user/register/
Traceback (most recent call last):
  File "C:\VirtualEnvs\BMS\lib\site-packages\django\core\handlers\exception.py", line 34, in inner
    response = get_response(request)
  File "C:\VirtualEnvs\BMS\lib\site-packages\django\core\handlers\base.py", line 115, in _get_response
    response = self.process_exception_by_middleware(e, request)
  File "C:\VirtualEnvs\BMS\lib\site-packages\django\core\handlers\base.py", line 113, in _get_response
    response = wrapped_callback(request, *callback_args, **callback_kwargs)
  File "C:\VirtualEnvs\BMS\lib\site-packages\django\views\generic\base.py", line 71, in view
    return self.dispatch(request, *args, **kwargs)
  File "C:\VirtualEnvs\BMS\lib\site-packages\django\views\generic\base.py", line 97, in dispatch
    return handler(request, *args, **kwargs)
  File "C:\Users\Administrator\PycharmProjects\BMS\BMS\apps\users\views.py", line 19, in get
    return render(request, 'users/register.html')
  File "C:\VirtualEnvs\BMS\lib\site-packages\django\shortcuts.py", line 19, in render
    content = loader.render_to_string(template_name, context, request, using=using)
  File "C:\VirtualEnvs\BMS\lib\site-packages\django\template\loader.py", line 61, in render_to_string
    template = get_template(template_name, using=using)
  File "C:\VirtualEnvs\BMS\lib\site-packages\django\template\loader.py", line 19, in get_template
    raise TemplateDoesNotExist(template_name, chain=chain)
django.template.exceptions.TemplateDoesNotExist: users/register.html
ERROR 2020-12-29 21:32:51,169 basehttp 157 "GET /user/register/ HTTP/1.1" 500 97220
INFO 2020-12-29 21:32:51,293 basehttp 157 "GET /favicon.ico HTTP/1.1" 302 0
INFO 2020-12-29 21:32:51,299 basehttp 157 "GET /static/img/favicon.ico HTTP/1.1" 200 2431
INFO 2020-12-29 21:37:37,802 autoreload 598 Watching for file changes with StatReloader
ERROR 2020-12-29 21:37:43,374 log 228 Internal Server Error: /user/register/
Traceback (most recent call last):
  File "C:\VirtualEnvs\BMS\lib\site-packages\django\core\handlers\exception.py", line 34, in inner
    response = get_response(request)
  File "C:\VirtualEnvs\BMS\lib\site-packages\django\core\handlers\base.py", line 115, in _get_response
    response = self.process_exception_by_middleware(e, request)
  File "C:\VirtualEnvs\BMS\lib\site-packages\django\core\handlers\base.py", line 113, in _get_response
    response = wrapped_callback(request, *callback_args, **callback_kwargs)
  File "C:\VirtualEnvs\BMS\lib\site-packages\django\views\generic\base.py", line 71, in view
    return self.dispatch(request, *args, **kwargs)
  File "C:\VirtualEnvs\BMS\lib\site-packages\django\views\generic\base.py", line 97, in dispatch
    return handler(request, *args, **kwargs)
  File "C:\Users\Administrator\PycharmProjects\BMS\BMS\apps\users\views.py", line 19, in get
    return render(request, 'users/register.html')
  File "C:\VirtualEnvs\BMS\lib\site-packages\django\shortcuts.py", line 19, in render
    content = loader.render_to_string(template_name, context, request, using=using)
  File "C:\VirtualEnvs\BMS\lib\site-packages\django\template\loader.py", line 61, in render_to_string
    template = get_template(template_name, using=using)
  File "C:\VirtualEnvs\BMS\lib\site-packages\django\template\loader.py", line 19, in get_template
    raise TemplateDoesNotExist(template_name, chain=chain)
django.template.exceptions.TemplateDoesNotExist: users/register.html
ERROR 2020-12-29 21:37:43,377 basehttp 157 "GET /user/register/ HTTP/1.1" 500 97232
INFO 2020-12-29 21:41:24,971 autoreload 598 Watching for file changes with StatReloader
WARNING 2020-12-29 21:41:27,774 log 228 Not Found: /user/register/
WARNING 2020-12-29 21:41:27,775 basehttp 157 "GET /user/register/ HTTP/1.1" 404 2305
INFO 2020-12-29 21:41:27,815 basehttp 157 "GET /favicon.ico HTTP/1.1" 302 0
INFO 2020-12-29 21:41:27,822 basehttp 157 "GET /static/img/favicon.ico HTTP/1.1" 200 2431
INFO 2020-12-29 21:42:07,002 autoreload 222 C:\Users\Administrator\PycharmProjects\BMS\BMS\urls.py changed, reloading.
INFO 2020-12-29 21:42:08,056 autoreload 598 Watching for file changes with StatReloader
INFO 2020-12-29 21:42:11,999 basehttp 157 "GET /user/register/ HTTP/1.1" 200 824
WARNING 2020-12-29 21:42:20,902 log 228 Not Found: /
WARNING 2020-12-29 21:42:20,903 basehttp 157 "GET / HTTP/1.1" 404 2244
WARNING 2020-12-29 21:42:24,045 log 228 Not Found: /
WARNING 2020-12-29 21:42:24,046 basehttp 157 "GET / HTTP/1.1" 404 2244
INFO 2020-12-29 21:43:53,304 autoreload 222 C:\Users\Administrator\PycharmProjects\BMS\BMS\urls.py changed, reloading.
INFO 2020-12-29 21:43:54,332 autoreload 598 Watching for file changes with StatReloader
INFO 2020-12-29 21:44:10,479 autoreload 598 Watching for file changes with StatReloader
INFO 2020-12-29 21:44:13,384 basehttp 157 "GET / HTTP/1.1" 200 4694
INFO 2020-12-29 21:44:15,236 basehttp 157 "GET /user/register/ HTTP/1.1" 200 4694
INFO 2020-12-29 21:44:15,274 basehttp 157 "GET /user/static/css/index.css HTTP/1.1" 200 4694
INFO 2020-12-29 21:44:15,275 basehttp 157 "GET /user/static/css/bootstrap.min.css HTTP/1.1" 200 4694
INFO 2020-12-29 21:44:15,276 basehttp 157 "GET /user/static/js/jquery-3.2.1.min.js HTTP/1.1" 200 4694
INFO 2020-12-29 21:44:15,279 basehttp 157 "GET /user/static/js/bootstrap.min.js HTTP/1.1" 200 4694
INFO 2020-12-29 21:44:15,397 basehttp 157 "GET /user/static/img/logo.png HTTP/1.1" 200 4694
INFO 2020-12-29 21:44:15,407 basehttp 157 "GET /user/static/img/jiangxuan_1.jpg HTTP/1.1" 200 4694
INFO 2020-12-29 21:44:15,408 basehttp 157 "GET /user/static/img/icon_5.jpg HTTP/1.1" 200 4694
INFO 2020-12-29 21:44:27,561 basehttp 157 "GET / HTTP/1.1" 200 4694
INFO 2020-12-29 21:44:30,141 basehttp 157 "GET /user/register/ HTTP/1.1" 200 4694
INFO 2020-12-29 21:44:30,177 basehttp 157 "GET /user/static/js/jquery-3.2.1.min.js HTTP/1.1" 200 4694
INFO 2020-12-29 21:44:30,177 basehttp 157 "GET /user/static/css/bootstrap.min.css HTTP/1.1" 200 4694
INFO 2020-12-29 21:44:30,177 basehttp 157 "GET /user/static/css/index.css HTTP/1.1" 200 4694
INFO 2020-12-29 21:44:30,179 basehttp 157 "GET /user/static/js/bootstrap.min.js HTTP/1.1" 200 4694
INFO 2020-12-29 21:44:30,199 basehttp 157 "GET /user/static/img/logo.png HTTP/1.1" 200 4694
INFO 2020-12-29 21:44:30,201 basehttp 157 "GET /user/static/img/icon_5.jpg HTTP/1.1" 200 4694
INFO 2020-12-29 21:44:30,209 basehttp 157 "GET /user/static/img/jiangxuan_1.jpg HTTP/1.1" 200 4694
INFO 2020-12-29 21:48:22,257 autoreload 222 C:\Users\Administrator\PycharmProjects\BMS\BMS\apps\users\views.py changed, reloading.
INFO 2020-12-29 21:48:23,236 autoreload 598 Watching for file changes with StatReloader
ERROR 2020-12-29 21:48:23,709 log 228 Internal Server Error: /
Traceback (most recent call last):
  File "C:\VirtualEnvs\BMS\lib\site-packages\django\template\backends\django.py", line 61, in render
    return self.template.render(context)
  File "C:\VirtualEnvs\BMS\lib\site-packages\django\template\base.py", line 171, in render
    return self._render(context)
  File "C:\VirtualEnvs\BMS\lib\site-packages\django\template\base.py", line 163, in _render
    return self.nodelist.render(context)
  File "C:\VirtualEnvs\BMS\lib\site-packages\django\template\base.py", line 936, in render
    bit = node.render_annotated(context)
  File "C:\VirtualEnvs\BMS\lib\site-packages\django\template\base.py", line 903, in render_annotated
    return self.render(context)
  File "C:\VirtualEnvs\BMS\lib\site-packages\django\template\loader_tags.py", line 176, in render
    template = context.template.engine.get_template(template_name)
  File "C:\VirtualEnvs\BMS\lib\site-packages\django\template\engine.py", line 143, in get_template
    template, origin = self.find_template(template_name)
  File "C:\VirtualEnvs\BMS\lib\site-packages\django\template\engine.py", line 129, in find_template
    raise TemplateDoesNotExist(name, tried=tried)
django.template.exceptions.TemplateDoesNotExist: register.html

The above exception was the direct cause of the following exception:

Traceback (most recent call last):
  File "C:\VirtualEnvs\BMS\lib\site-packages\django\core\handlers\exception.py", line 34, in inner
    response = get_response(request)
  File "C:\VirtualEnvs\BMS\lib\site-packages\django\core\handlers\base.py", line 115, in _get_response
    response = self.process_exception_by_middleware(e, request)
  File "C:\VirtualEnvs\BMS\lib\site-packages\django\core\handlers\base.py", line 113, in _get_response
    response = wrapped_callback(request, *callback_args, **callback_kwargs)
  File "C:\Users\Administrator\PycharmProjects\BMS\BMS\apps\index\views.py", line 8, in index
    return render(request, 'index.html')
  File "C:\VirtualEnvs\BMS\lib\site-packages\django\shortcuts.py", line 19, in render
    content = loader.render_to_string(template_name, context, request, using=using)
  File "C:\VirtualEnvs\BMS\lib\site-packages\django\template\loader.py", line 62, in render_to_string
    return template.render(context, request)
  File "C:\VirtualEnvs\BMS\lib\site-packages\django\template\backends\django.py", line 63, in render
    reraise(exc, self.backend)
  File "C:\VirtualEnvs\BMS\lib\site-packages\django\template\backends\django.py", line 84, in reraise
    raise new from exc
django.template.exceptions.TemplateDoesNotExist: register.html
ERROR 2020-12-29 21:48:23,714 basehttp 157 "GET / HTTP/1.1" 500 131844
INFO 2020-12-29 21:49:00,100 autoreload 598 Watching for file changes with StatReloader
ERROR 2020-12-29 21:49:04,771 log 228 Internal Server Error: /
Traceback (most recent call last):
  File "C:\VirtualEnvs\BMS\lib\site-packages\django\template\backends\django.py", line 61, in render
    return self.template.render(context)
  File "C:\VirtualEnvs\BMS\lib\site-packages\django\template\base.py", line 171, in render
    return self._render(context)
  File "C:\VirtualEnvs\BMS\lib\site-packages\django\template\base.py", line 163, in _render
    return self.nodelist.render(context)
  File "C:\VirtualEnvs\BMS\lib\site-packages\django\template\base.py", line 936, in render
    bit = node.render_annotated(context)
  File "C:\VirtualEnvs\BMS\lib\site-packages\django\template\base.py", line 903, in render_annotated
    return self.render(context)
  File "C:\VirtualEnvs\BMS\lib\site-packages\django\template\loader_tags.py", line 176, in render
    template = context.template.engine.get_template(template_name)
  File "C:\VirtualEnvs\BMS\lib\site-packages\django\template\engine.py", line 143, in get_template
    template, origin = self.find_template(template_name)
  File "C:\VirtualEnvs\BMS\lib\site-packages\django\template\engine.py", line 129, in find_template
    raise TemplateDoesNotExist(name, tried=tried)
django.template.exceptions.TemplateDoesNotExist: users.register.html

The above exception was the direct cause of the following exception:

Traceback (most recent call last):
  File "C:\VirtualEnvs\BMS\lib\site-packages\django\core\handlers\exception.py", line 34, in inner
    response = get_response(request)
  File "C:\VirtualEnvs\BMS\lib\site-packages\django\core\handlers\base.py", line 115, in _get_response
    response = self.process_exception_by_middleware(e, request)
  File "C:\VirtualEnvs\BMS\lib\site-packages\django\core\handlers\base.py", line 113, in _get_response
    response = wrapped_callback(request, *callback_args, **callback_kwargs)
  File "C:\Users\Administrator\PycharmProjects\BMS\BMS\apps\index\views.py", line 8, in index
    return render(request, 'index.html')
  File "C:\VirtualEnvs\BMS\lib\site-packages\django\shortcuts.py", line 19, in render
    content = loader.render_to_string(template_name, context, request, using=using)
  File "C:\VirtualEnvs\BMS\lib\site-packages\django\template\loader.py", line 62, in render_to_string
    return template.render(context, request)
  File "C:\VirtualEnvs\BMS\lib\site-packages\django\template\backends\django.py", line 63, in render
    reraise(exc, self.backend)
  File "C:\VirtualEnvs\BMS\lib\site-packages\django\template\backends\django.py", line 84, in reraise
    raise new from exc
django.template.exceptions.TemplateDoesNotExist: users.register.html
ERROR 2020-12-29 21:49:04,774 basehttp 157 "GET / HTTP/1.1" 500 131994
INFO 2020-12-29 21:50:06,212 autoreload 598 Watching for file changes with StatReloader
INFO 2020-12-29 21:50:10,089 basehttp 157 "GET / HTTP/1.1" 200 7456
INFO 2020-12-29 21:50:10,149 basehttp 157 "GET /static/css/login.css HTTP/1.1" 200 941
INFO 2020-12-29 21:50:18,251 basehttp 157 "GET /user/register/ HTTP/1.1" 200 7456
INFO 2020-12-29 21:50:18,292 basehttp 157 "GET /user/static/css/bootstrap.min.css HTTP/1.1" 200 7456
INFO 2020-12-29 21:50:18,293 basehttp 157 "GET /user/static/css/index.css HTTP/1.1" 200 7456
INFO 2020-12-29 21:50:18,302 basehttp 157 "GET /user/static/js/bootstrap.min.js HTTP/1.1" 200 7456
INFO 2020-12-29 21:50:18,303 basehttp 157 "GET /user/static/js/jquery-3.2.1.min.js HTTP/1.1" 200 7456
INFO 2020-12-29 21:50:18,323 basehttp 157 "GET /user/static/img/logo.png HTTP/1.1" 200 7456
INFO 2020-12-29 21:50:18,323 basehttp 157 "GET /user/static/img/icon_5.jpg HTTP/1.1" 200 7456
INFO 2020-12-29 21:50:18,328 basehttp 157 "GET /user/static/img/jiangxuan_1.jpg HTTP/1.1" 200 7456
INFO 2020-12-29 21:50:25,125 basehttp 157 "GET /user/register/ HTTP/1.1" 200 7456
INFO 2020-12-29 21:50:25,168 basehttp 157 "GET /user/static/css/bootstrap.min.css HTTP/1.1" 200 7456
INFO 2020-12-29 21:50:25,171 basehttp 157 "GET /user/static/css/index.css HTTP/1.1" 200 7456
INFO 2020-12-29 21:50:25,171 basehttp 157 "GET /user/static/js/bootstrap.min.js HTTP/1.1" 200 7456
INFO 2020-12-29 21:50:25,177 basehttp 157 "GET /user/static/js/jquery-3.2.1.min.js HTTP/1.1" 200 7456
INFO 2020-12-29 21:50:25,297 basehttp 157 "GET /user/static/img/icon_5.jpg HTTP/1.1" 200 7456
INFO 2020-12-29 21:50:25,302 basehttp 157 "GET /user/static/img/logo.png HTTP/1.1" 200 7456
INFO 2020-12-29 21:50:25,303 basehttp 157 "GET /user/static/img/jiangxuan_1.jpg HTTP/1.1" 200 7456
INFO 2020-12-29 21:50:53,779 basehttp 157 "GET /user/register/ HTTP/1.1" 200 7470
INFO 2020-12-29 21:50:53,823 basehttp 157 "GET /user/static/js/jquery-3.2.1.min.js HTTP/1.1" 200 7470
INFO 2020-12-29 21:50:53,825 basehttp 157 "GET /user/static/css/bootstrap.min.css HTTP/1.1" 200 7470
INFO 2020-12-29 21:50:53,826 basehttp 157 "GET /user/static/js/bootstrap.min.js HTTP/1.1" 200 7470
INFO 2020-12-29 21:50:53,827 basehttp 157 "GET /user/static/css/index.css HTTP/1.1" 200 7470
INFO 2020-12-29 21:50:53,847 basehttp 157 "GET /user/static/img/jiangxuan_1.jpg HTTP/1.1" 200 7470
INFO 2020-12-29 21:50:53,848 basehttp 157 "GET /user/static/img/icon_5.jpg HTTP/1.1" 200 7470
INFO 2020-12-29 21:50:53,852 basehttp 157 "GET /user/static/img/logo.png HTTP/1.1" 200 7470
INFO 2020-12-29 21:50:59,212 basehttp 157 "GET / HTTP/1.1" 200 7470
INFO 2020-12-29 21:51:47,017 autoreload 598 Watching for file changes with StatReloader
INFO 2020-12-29 21:51:49,623 basehttp 157 "GET / HTTP/1.1" 200 7470
INFO 2020-12-29 21:51:53,348 basehttp 157 "GET /static/css/bootstrap.min.css.map HTTP/1.1" 200 542194
INFO 2020-12-29 21:53:08,863 basehttp 157 "GET / HTTP/1.1" 200 4694
INFO 2020-12-29 21:54:41,854 basehttp 157 "GET /user/login HTTP/1.1" 200 4694
INFO 2020-12-29 21:54:43,029 basehttp 157 "GET /user/register/ HTTP/1.1" 200 4694
INFO 2020-12-29 21:54:43,054 basehttp 157 "GET /user/static/css/bootstrap.min.css HTTP/1.1" 200 4694
INFO 2020-12-29 21:54:43,064 basehttp 157 "GET /user/static/css/index.css HTTP/1.1" 200 4694
INFO 2020-12-29 21:54:43,065 basehttp 157 "GET /user/static/js/jquery-3.2.1.min.js HTTP/1.1" 200 4694
INFO 2020-12-29 21:54:43,066 basehttp 157 "GET /user/static/js/bootstrap.min.js HTTP/1.1" 200 4694
INFO 2020-12-29 21:54:43,080 basehttp 157 "GET /user/static/img/logo.png HTTP/1.1" 200 4694
INFO 2020-12-29 21:54:43,082 basehttp 157 "GET /user/static/img/jiangxuan_1.jpg HTTP/1.1" 200 4694
INFO 2020-12-29 21:54:43,084 basehttp 157 "GET /user/static/img/icon_5.jpg HTTP/1.1" 200 4694
INFO 2020-12-29 21:54:54,318 basehttp 157 "GET / HTTP/1.1" 200 4694
INFO 2020-12-30 21:27:54,412 autoreload 598 Watching for file changes with StatReloader
INFO 2020-12-30 21:28:05,816 basehttp 157 "GET / HTTP/1.1" 200 4638
INFO 2020-12-30 21:28:13,156 basehttp 157 "GET /user/login HTTP/1.1" 200 4638
INFO 2020-12-30 21:29:00,025 autoreload 222 C:\Users\Administrator\PycharmProjects\BMS\BMS\apps\users\views.py changed, reloading.
INFO 2020-12-30 21:29:01,354 autoreload 598 Watching for file changes with StatReloader
INFO 2020-12-30 21:29:05,015 basehttp 157 "GET /user/login HTTP/1.1" 200 4638
INFO 2020-12-30 21:47:57,626 basehttp 157 "GET /user/register/ HTTP/1.1" 200 4638
INFO 2020-12-30 21:47:57,667 basehttp 157 "GET /user/static/css/bootstrap.min.css HTTP/1.1" 200 4638
INFO 2020-12-30 21:47:57,669 basehttp 157 "GET /user/static/css/index.css HTTP/1.1" 200 4638
INFO 2020-12-30 21:47:57,671 basehttp 157 "GET /user/static/js/jquery-3.2.1.min.js HTTP/1.1" 200 4638
INFO 2020-12-30 21:47:57,674 basehttp 157 "GET /user/static/js/bootstrap.min.js HTTP/1.1" 200 4638
INFO 2020-12-30 21:47:57,695 basehttp 157 "GET /user/static/img/icon_5.jpg HTTP/1.1" 200 4638
INFO 2020-12-30 21:47:57,699 basehttp 157 "GET /user/static/img/jiangxuan_1.jpg HTTP/1.1" 200 4638
INFO 2020-12-30 21:47:57,701 basehttp 157 "GET /user/static/img/logo.png HTTP/1.1" 200 4638
INFO 2020-12-30 21:50:57,544 autoreload 598 Watching for file changes with StatReloader
INFO 2020-12-30 21:51:04,524 basehttp 157 "GET /user/register/ HTTP/1.1" 200 4638
INFO 2020-12-30 21:51:04,555 basehttp 157 "GET /user/static/css/bootstrap.min.css HTTP/1.1" 200 4638
INFO 2020-12-30 21:51:04,559 basehttp 157 "GET /user/static/js/jquery-3.2.1.min.js HTTP/1.1" 200 4638
INFO 2020-12-30 21:51:04,565 basehttp 157 "GET /user/static/css/index.css HTTP/1.1" 200 4638
INFO 2020-12-30 21:51:04,566 basehttp 157 "GET /user/static/js/bootstrap.min.js HTTP/1.1" 200 4638
INFO 2020-12-30 21:51:04,574 basehttp 157 "GET /user/static/img/logo.png HTTP/1.1" 200 4638
INFO 2020-12-30 21:51:04,589 basehttp 157 "GET /user/static/img/icon_5.jpg HTTP/1.1" 200 4638
INFO 2020-12-30 21:51:04,589 basehttp 157 "GET /user/static/img/jiangxuan_1.jpg HTTP/1.1" 200 4638
INFO 2020-12-30 21:53:08,892 autoreload 598 Watching for file changes with StatReloader
INFO 2020-12-30 21:53:12,831 basehttp 157 "GET / HTTP/1.1" 200 4638
INFO 2020-12-30 21:53:15,039 basehttp 157 "GET /user/register/ HTTP/1.1" 200 4638
INFO 2020-12-30 21:53:15,071 basehttp 157 "GET /user/static/css/index.css HTTP/1.1" 200 4638
INFO 2020-12-30 21:53:15,072 basehttp 157 "GET /user/static/css/bootstrap.min.css HTTP/1.1" 200 4638
INFO 2020-12-30 21:53:15,081 basehttp 157 "GET /user/static/js/jquery-3.2.1.min.js HTTP/1.1" 200 4638
INFO 2020-12-30 21:53:15,083 basehttp 157 "GET /user/static/js/bootstrap.min.js HTTP/1.1" 200 4638
INFO 2020-12-30 21:53:15,090 basehttp 157 "GET /user/static/img/logo.png HTTP/1.1" 200 4638
INFO 2020-12-30 21:53:15,101 basehttp 157 "GET /user/static/img/jiangxuan_1.jpg HTTP/1.1" 200 4638
INFO 2020-12-30 21:53:15,101 basehttp 157 "GET /user/static/img/icon_5.jpg HTTP/1.1" 200 4638
INFO 2020-12-30 21:53:39,630 autoreload 598 Watching for file changes with StatReloader
INFO 2020-12-30 21:53:43,159 basehttp 157 "GET /user/register/ HTTP/1.1" 200 4638
INFO 2020-12-30 21:53:43,200 basehttp 157 "GET /user/static/css/bootstrap.min.css HTTP/1.1" 200 4638
INFO 2020-12-30 21:53:43,205 basehttp 157 "GET /user/static/css/index.css HTTP/1.1" 200 4638
INFO 2020-12-30 21:53:43,208 basehttp 157 "GET /user/static/js/bootstrap.min.js HTTP/1.1" 200 4638
INFO 2020-12-30 21:53:43,211 basehttp 157 "GET /user/static/js/jquery-3.2.1.min.js HTTP/1.1" 200 4638
INFO 2020-12-30 21:53:43,226 basehttp 157 "GET /user/static/img/jiangxuan_1.jpg HTTP/1.1" 200 4638
INFO 2020-12-30 21:53:43,227 basehttp 157 "GET /user/static/img/logo.png HTTP/1.1" 200 4638
INFO 2020-12-30 21:53:43,233 basehttp 157 "GET /user/static/img/icon_5.jpg HTTP/1.1" 200 4638
INFO 2020-12-30 21:54:12,053 autoreload 598 Watching for file changes with StatReloader
INFO 2020-12-30 21:54:16,376 basehttp 157 "GET / HTTP/1.1" 200 4638
INFO 2020-12-30 21:54:21,621 basehttp 157 "GET /user/register/ HTTP/1.1" 200 4638
INFO 2020-12-30 21:54:21,659 basehttp 157 "GET /user/static/css/index.css HTTP/1.1" 200 4638
INFO 2020-12-30 21:54:21,662 basehttp 157 "GET /user/static/css/bootstrap.min.css HTTP/1.1" 200 4638
INFO 2020-12-30 21:54:21,671 basehttp 157 "GET /user/static/js/jquery-3.2.1.min.js HTTP/1.1" 200 4638
INFO 2020-12-30 21:54:21,676 basehttp 157 "GET /user/static/js/bootstrap.min.js HTTP/1.1" 200 4638
INFO 2020-12-30 21:54:21,682 basehttp 157 "GET /user/static/img/logo.png HTTP/1.1" 200 4638
INFO 2020-12-30 21:54:21,692 basehttp 157 "GET /user/static/img/icon_5.jpg HTTP/1.1" 200 4638
INFO 2020-12-30 21:54:21,698 basehttp 157 "GET /user/static/img/jiangxuan_1.jpg HTTP/1.1" 200 4638
INFO 2020-12-30 21:56:02,287 autoreload 598 Watching for file changes with StatReloader
INFO 2020-12-30 21:56:06,757 basehttp 157 "GET / HTTP/1.1" 200 4638
INFO 2020-12-30 21:56:08,645 basehttp 157 "GET /user/register/ HTTP/1.1" 200 1921
INFO 2020-12-30 21:56:36,654 autoreload 598 Watching for file changes with StatReloader
WARNING 2020-12-30 21:56:40,979 log 228 Not Found: /
WARNING 2020-12-30 21:56:40,982 basehttp 157 "GET / HTTP/1.1" 404 2238
WARNING 2020-12-30 21:56:45,209 log 228 Not Found: /
WARNING 2020-12-30 21:56:45,210 basehttp 157 "GET / HTTP/1.1" 404 2238
WARNING 2020-12-30 21:56:49,580 log 228 Not Found: /
WARNING 2020-12-30 21:56:49,581 basehttp 157 "GET / HTTP/1.1" 404 2238
INFO 2020-12-30 21:57:25,810 autoreload 598 Watching for file changes with StatReloader
INFO 2020-12-30 21:57:29,435 basehttp 157 "GET / HTTP/1.1" 200 4638
INFO 2020-12-30 21:57:31,540 basehttp 157 "GET /user/register/ HTTP/1.1" 200 1921
INFO 2020-12-30 21:57:41,233 autoreload 222 C:\Users\Administrator\PycharmProjects\BMS\BMS\apps\index\views.py changed, reloading.
INFO 2020-12-30 21:57:42,313 autoreload 598 Watching for file changes with StatReloader
INFO 2020-12-30 21:58:59,601 autoreload 222 C:\Users\Administrator\PycharmProjects\BMS\BMS\apps\users\views.py changed, reloading.
INFO 2020-12-30 21:59:00,717 autoreload 598 Watching for file changes with StatReloader
INFO 2020-12-30 22:05:36,569 basehttp 157 "GET /user/register/ HTTP/1.1" 200 2161
INFO 2020-12-30 22:10:40,184 basehttp 157 "GET /user/register/ HTTP/1.1" 200 2161
INFO 2020-12-30 22:10:58,771 basehttp 157 "GET /static/css/bootstrap.min.css.map HTTP/1.1" 200 542194
INFO 2020-12-30 22:15:20,832 basehttp 157 "GET /user/register/ HTTP/1.1" 200 2170
INFO 2020-12-30 22:15:20,863 basehttp 157 "GET /static/css/register.css HTTP/1.1" 200 951
WARNING 2020-12-30 22:15:20,918 basehttp 157 "GET /static/img/backgroud.jpg HTTP/1.1" 404 1677
INFO 2020-12-30 22:16:19,212 basehttp 157 "GET /user/register/ HTTP/1.1" 200 2170
INFO 2020-12-30 22:16:19,254 basehttp 157 "GET /static/css/register.css HTTP/1.1" 304 0
INFO 2020-12-30 22:16:19,303 basehttp 157 "GET /static/img/backgroud.jpg HTTP/1.1" 200 407906
INFO 2020-12-30 22:17:30,379 basehttp 157 "GET /user/register/ HTTP/1.1" 200 2170
INFO 2020-12-30 22:17:30,416 basehttp 157 "GET /static/css/register.css HTTP/1.1" 200 899
INFO 2020-12-30 22:17:56,795 basehttp 157 "GET /user/register/ HTTP/1.1" 200 2170
INFO 2020-12-30 22:17:56,823 basehttp 157 "GET /static/css/register.css HTTP/1.1" 200 951
INFO 2020-12-30 22:17:56,850 basehttp 157 "GET /static/img/backgroud.jpg HTTP/1.1" 304 0
INFO 2020-12-30 22:18:02,479 basehttp 157 "GET /user/register/ HTTP/1.1" 200 2170
INFO 2020-12-30 22:18:02,507 basehttp 157 "GET /static/css/register.css HTTP/1.1" 304 0
INFO 2020-12-30 22:30:31,066 basehttp 157 "GET /user/register/ HTTP/1.1" 200 2170
INFO 2020-12-30 22:30:31,094 basehttp 157 "GET /static/css/register.css HTTP/1.1" 304 0
INFO 2020-12-30 22:30:31,136 basehttp 157 "GET /static/img/backgroud.jpg HTTP/1.1" 200 91649
INFO 2020-12-30 22:46:46,272 basehttp 157 "GET /user/register/ HTTP/1.1" 200 2170
INFO 2020-12-30 22:46:46,320 basehttp 157 "GET /static/css/register.css HTTP/1.1" 304 0
INFO 2020-12-30 22:46:46,385 basehttp 157 "GET /static/img/backgroud.jpg HTTP/1.1" 200 120756
INFO 2020-12-30 22:48:19,062 basehttp 157 "GET /user/register/ HTTP/1.1" 200 2170
INFO 2020-12-30 22:48:19,139 basehttp 157 "GET /static/img/backgroud.jpg HTTP/1.1" 304 0
INFO 2020-12-30 22:48:51,030 basehttp 157 "GET /user/register/ HTTP/1.1" 200 2170
INFO 2020-12-30 22:48:51,089 basehttp 157 "GET /static/img/backgroud.jpg HTTP/1.1" 304 0
INFO 2020-12-30 22:52:23,302 basehttp 157 "GET /user/register/ HTTP/1.1" 200 2189
INFO 2020-12-30 22:52:23,344 basehttp 157 "GET /static/css/register.css HTTP/1.1" 200 919
INFO 2020-12-30 22:52:23,371 basehttp 157 "GET /static/img/backgroud.jpg HTTP/1.1" 304 0
INFO 2020-12-30 22:53:08,298 basehttp 157 "GET /user/register/ HTTP/1.1" 200 2167
INFO 2020-12-30 22:53:08,333 basehttp 157 "GET /static/css/register.css HTTP/1.1" 304 0
INFO 2020-12-30 22:53:08,364 basehttp 157 "GET /static/img/backgroud.jpg HTTP/1.1" 304 0
ERROR 2020-12-30 22:53:18,445 log 228 Internal Server Error: /user/register/
Traceback (most recent call last):
  File "C:\VirtualEnvs\BMS\lib\site-packages\django\core\handlers\exception.py", line 34, in inner
    response = get_response(request)
  File "C:\VirtualEnvs\BMS\lib\site-packages\django\core\handlers\base.py", line 126, in _get_response
    "returned None instead." % (callback.__module__, view_name)
ValueError: The view users.views.Register didn't return an HttpResponse object. It returned None instead.
ERROR 2020-12-30 22:53:18,446 basehttp 157 "POST /user/register/ HTTP/1.1" 500 66620
INFO 2020-12-30 22:56:41,560 autoreload 598 Watching for file changes with StatReloader
INFO 2020-12-30 22:56:45,731 basehttp 157 "GET /user/register/ HTTP/1.1" 200 2167
INFO 2020-12-30 22:56:45,766 basehttp 157 "GET /static/css/register.css HTTP/1.1" 304 0
INFO 2020-12-30 22:56:45,788 basehttp 157 "GET /static/img/backgroud.jpg HTTP/1.1" 304 0
ERROR 2020-12-30 22:56:55,233 log 228 Internal Server Error: /user/register/
Traceback (most recent call last):
  File "C:\VirtualEnvs\BMS\lib\site-packages\django\core\handlers\exception.py", line 34, in inner
    response = get_response(request)
  File "C:\VirtualEnvs\BMS\lib\site-packages\django\core\handlers\base.py", line 126, in _get_response
    "returned None instead." % (callback.__module__, view_name)
ValueError: The view users.views.Register didn't return an HttpResponse object. It returned None instead.
ERROR 2020-12-30 22:56:55,234 basehttp 157 "POST /user/register/ HTTP/1.1" 500 66620
INFO 2020-12-30 22:58:20,871 autoreload 598 Watching for file changes with StatReloader
INFO 2020-12-30 22:58:41,279 autoreload 598 Watching for file changes with StatReloader
INFO 2020-12-30 22:58:45,593 basehttp 157 "GET /user/register/ HTTP/1.1" 200 2167
INFO 2020-12-30 22:58:45,650 basehttp 157 "GET /static/css/register.css HTTP/1.1" 304 0
INFO 2020-12-30 22:58:45,685 basehttp 157 "GET /static/img/backgroud.jpg HTTP/1.1" 304 0
INFO 2020-12-30 22:58:52,143 basehttp 157 "POST /user/register/ HTTP/1.1" 200 15
INFO 2020-12-30 22:59:19,813 autoreload 598 Watching for file changes with StatReloader
INFO 2020-12-30 23:05:38,791 autoreload 598 Watching for file changes with StatReloader
INFO 2020-12-30 23:07:00,535 basehttp 157 "GET /user/register/ HTTP/1.1" 200 2426
INFO 2020-12-30 23:07:00,591 basehttp 157 "GET /static/css/register.css HTTP/1.1" 304 0
INFO 2020-12-30 23:07:00,732 basehttp 157 "GET /static/img/backgroud.jpg HTTP/1.1" 304 0
INFO 2020-12-30 23:07:41,257 autoreload 598 Watching for file changes with StatReloader
INFO 2020-12-30 23:07:44,796 basehttp 157 "GET /user/register/ HTTP/1.1" 200 2426
INFO 2020-12-30 23:07:58,468 basehttp 157 "POST /user/register/ HTTP/1.1" 200 15
INFO 2020-12-30 23:09:26,046 autoreload 222 C:\Users\Administrator\PycharmProjects\BMS\BMS\apps\users\views.py changed, reloading.
INFO 2020-12-30 23:09:27,113 autoreload 598 Watching for file changes with StatReloader
INFO 2020-12-30 23:10:09,768 autoreload 598 Watching for file changes with StatReloader
INFO 2020-12-30 23:10:18,104 basehttp 157 "GET /user/register/ HTTP/1.1" 200 2426
INFO 2020-12-30 23:10:18,142 basehttp 157 "GET /static/css/register.css HTTP/1.1" 304 0
ERROR 2020-12-30 23:10:26,644 log 228 Internal Server Error: /user/register/
Traceback (most recent call last):
  File "C:\VirtualEnvs\BMS\lib\site-packages\django\core\handlers\exception.py", line 34, in inner
    response = get_response(request)
  File "C:\VirtualEnvs\BMS\lib\site-packages\django\core\handlers\base.py", line 115, in _get_response
    response = self.process_exception_by_middleware(e, request)
  File "C:\VirtualEnvs\BMS\lib\site-packages\django\core\handlers\base.py", line 113, in _get_response
    response = wrapped_callback(request, *callback_args, **callback_kwargs)
  File "C:\VirtualEnvs\BMS\lib\site-packages\django\views\generic\base.py", line 71, in view
    return self.dispatch(request, *args, **kwargs)
  File "C:\VirtualEnvs\BMS\lib\site-packages\django\views\generic\base.py", line 97, in dispatch
    return handler(request, *args, **kwargs)
  File "C:\Users\Administrator\PycharmProjects\BMS\BMS\apps\users\views.py", line 28, in post
    User.objects.create_user(username=username, mobile=mobile, email=email, password=password)
  File "C:\VirtualEnvs\BMS\lib\site-packages\django\db\models\manager.py", line 188, in __get__
    cls._meta.swapped,
AttributeError: Manager isn't available; 'auth.User' has been swapped for 'users.User'
ERROR 2020-12-30 23:10:26,646 basehttp 157 "POST /user/register/ HTTP/1.1" 500 89362
INFO 2020-12-30 23:11:58,440 autoreload 598 Watching for file changes with StatReloader
INFO 2020-12-30 23:12:04,682 basehttp 157 "GET /user/register/ HTTP/1.1" 200 2426
ERROR 2020-12-30 23:12:12,343 log 228 Internal Server Error: /user/register/
Traceback (most recent call last):
  File "C:\VirtualEnvs\BMS\lib\site-packages\django\core\handlers\exception.py", line 34, in inner
    response = get_response(request)
  File "C:\VirtualEnvs\BMS\lib\site-packages\django\core\handlers\base.py", line 115, in _get_response
    response = self.process_exception_by_middleware(e, request)
  File "C:\VirtualEnvs\BMS\lib\site-packages\django\core\handlers\base.py", line 113, in _get_response
    response = wrapped_callback(request, *callback_args, **callback_kwargs)
  File "C:\VirtualEnvs\BMS\lib\site-packages\django\views\generic\base.py", line 71, in view
    return self.dispatch(request, *args, **kwargs)
  File "C:\VirtualEnvs\BMS\lib\site-packages\django\views\generic\base.py", line 97, in dispatch
    return handler(request, *args, **kwargs)
  File "C:\Users\Administrator\PycharmProjects\BMS\BMS\apps\users\views.py", line 28, in post
    user = User(username=username, mobile=mobile, email=email)
  File "C:\VirtualEnvs\BMS\lib\site-packages\django\db\models\base.py", line 500, in __init__
    raise TypeError("%s() got an unexpected keyword argument '%s'" % (cls.__name__, kwarg))
TypeError: User() got an unexpected keyword argument 'mobile'
ERROR 2020-12-30 23:12:12,346 basehttp 157 "POST /user/register/ HTTP/1.1" 500 91787
INFO 2020-12-30 23:13:59,608 autoreload 598 Watching for file changes with StatReloader
INFO 2020-12-30 23:14:41,247 autoreload 598 Watching for file changes with StatReloader
INFO 2020-12-30 23:17:25,704 autoreload 598 Watching for file changes with StatReloader
INFO 2020-12-30 23:18:37,955 autoreload 598 Watching for file changes with StatReloader
INFO 2020-12-30 23:22:06,772 autoreload 222 C:\Users\Administrator\PycharmProjects\BMS\BMS\settings\dev.py changed, reloading.
INFO 2020-12-30 23:22:07,819 autoreload 598 Watching for file changes with StatReloader
INFO 2020-12-30 23:25:27,254 autoreload 598 Watching for file changes with StatReloader
INFO 2020-12-30 23:25:32,269 basehttp 157 "GET /user/register/ HTTP/1.1" 200 2167
INFO 2020-12-30 23:25:32,318 basehttp 157 "GET /static/css/register.css HTTP/1.1" 304 0
INFO 2020-12-30 23:25:32,374 basehttp 157 "GET /static/img/backgroud.jpg HTTP/1.1" 304 0
INFO 2020-12-30 23:25:39,307 basehttp 157 "POST /user/register/ HTTP/1.1" 200 15
